Copyright 1986-2019 Xilinx, Inc. All Rights Reserved.
----------------------------------------------------------------------------------------------------------------------------------------------------
| Tool Version     : Vivado v.2019.1 (win64) Build 2552052 Fri May 24 14:49:42 MDT 2019
| Date             : Wed Nov 20 21:56:32 2024
| Host             : HUNTER running 64-bit major release  (build 9200)
| Command          : report_power -file ARMSOC_TOP_power_routed.rpt -pb ARMSOC_TOP_power_summary_routed.pb -rpx ARMSOC_TOP_power_routed.rpx
| Design           : ARMSOC_TOP
| Device           : xc7a100tcsg324-1
| Design State     : routed
| Grade            : commercial
| Process          : typical
| Characterization : Production
----------------------------------------------------------------------------------------------------------------------------------------------------

Power Report

Table of Contents
-----------------
1. Summary
1.1 On-Chip Components
1.2 Power Supply Summary
1.3 Confidence Level
2. Settings
2.1 Environment
2.2 Clock Constraints
3. Detailed Reports
3.1 By Hierarchy

1. Summary
----------

+--------------------------+--------------+
| Total On-Chip Power (W)  | 0.370        |
| Design Power Budget (W)  | Unspecified* |
| Power Budget Margin (W)  | NA           |
| Dynamic (W)              | 0.267        |
| Device Static (W)        | 0.103        |
| Effective TJA (C/W)      | 4.6          |
| Max Ambient (C)          | 83.3         |
| Junction Temperature (C) | 26.7         |
| Confidence Level         | Medium       |
| Setting File             | ---          |
| Simulation Activity File | ---          |
| Design Nets Matched      | NA           |
+--------------------------+--------------+
* Specify Design Power Budget using, set_operating_conditions -design_power_budget <value in Watts>


1.1 On-Chip Components
----------------------

+----------------+-----------+----------+-----------+-----------------+
| On-Chip        | Power (W) | Used     | Available | Utilization (%) |
+----------------+-----------+----------+-----------+-----------------+
| Clocks         |     0.012 |       12 |       --- |             --- |
| Slice Logic    |     0.007 |    23402 |       --- |             --- |
|   LUT as Logic |     0.006 |    15422 |     63400 |           24.32 |
|   CARRY4       |    <0.001 |      320 |     15850 |            2.02 |
|   Register     |    <0.001 |     5681 |    126800 |            4.48 |
|   F7/F8 Muxes  |    <0.001 |       23 |     63400 |            0.04 |
|   Others       |     0.000 |       14 |       --- |             --- |
| Signals        |     0.011 |    21055 |       --- |             --- |
| Block RAM      |     0.016 |     97.5 |       135 |           72.22 |
| MMCM           |     0.221 |        2 |         6 |           33.33 |
| DSPs           |    <0.001 |        3 |       240 |            1.25 |
| I/O            |    <0.001 |       16 |       210 |            7.62 |
| Static Power   |     0.103 |          |           |                 |
| Total          |     0.370 |          |           |                 |
+----------------+-----------+----------+-----------+-----------------+


1.2 Power Supply Summary
------------------------

+-----------+-------------+-----------+-------------+------------+
| Source    | Voltage (V) | Total (A) | Dynamic (A) | Static (A) |
+-----------+-------------+-----------+-------------+------------+
| Vccint    |       1.000 |     0.063 |       0.045 |      0.018 |
| Vccaux    |       1.800 |     0.141 |       0.123 |      0.018 |
| Vcco33    |       3.300 |     0.004 |       0.000 |      0.004 |
| Vcco25    |       2.500 |     0.000 |       0.000 |      0.000 |
| Vcco18    |       1.800 |     0.000 |       0.000 |      0.000 |
| Vcco15    |       1.500 |     0.000 |       0.000 |      0.000 |
| Vcco135   |       1.350 |     0.000 |       0.000 |      0.000 |
| Vcco12    |       1.200 |     0.000 |       0.000 |      0.000 |
| Vccaux_io |       1.800 |     0.000 |       0.000 |      0.000 |
| Vccbram   |       1.000 |     0.004 |       0.001 |      0.003 |
| MGTAVcc   |       1.000 |     0.000 |       0.000 |      0.000 |
| MGTAVtt   |       1.200 |     0.000 |       0.000 |      0.000 |
| Vccadc    |       1.800 |     0.020 |       0.000 |      0.020 |
+-----------+-------------+-----------+-------------+------------+


1.3 Confidence Level
--------------------

+-----------------------------+------------+-------------------------------------------------------+------------------------------------------------------------------------------------------------------------+
| User Input Data             | Confidence | Details                                               | Action                                                                                                     |
+-----------------------------+------------+-------------------------------------------------------+------------------------------------------------------------------------------------------------------------+
| Design implementation state | High       | Design is routed                                      |                                                                                                            |
| Clock nodes activity        | High       | User specified more than 95% of clocks                |                                                                                                            |
| I/O nodes activity          | Medium     | More than 5% of inputs are missing user specification | Provide missing input activity with simulation results or by editing the "By Resource Type -> I/Os" view   |
| Internal nodes activity     | Medium     | User specified less than 25% of internal nodes        | Provide missing internal nodes activity with simulation results or by editing the "By Resource Type" views |
| Device models               | High       | Device models are Production                          |                                                                                                            |
|                             |            |                                                       |                                                                                                            |
| Overall confidence level    | Medium     |                                                       |                                                                                                            |
+-----------------------------+------------+-------------------------------------------------------+------------------------------------------------------------------------------------------------------------+


2. Settings
-----------

2.1 Environment
---------------

+-----------------------+--------------------------+
| Ambient Temp (C)      | 25.0                     |
| ThetaJA (C/W)         | 4.6                      |
| Airflow (LFM)         | 250                      |
| Heat Sink             | medium (Medium Profile)  |
| ThetaSA (C/W)         | 4.6                      |
| Board Selection       | medium (10"x10")         |
| # of Board Layers     | 12to15 (12 to 15 Layers) |
| Board Temperature (C) | 25.0                     |
+-----------------------+--------------------------+


2.2 Clock Constraints
---------------------

+--------------------+---------------------------------+-----------------+
| Clock              | Domain                          | Constraint (ns) |
+--------------------+---------------------------------+-----------------+
| CLK                | CLK                             |            10.0 |
| clk_out1_clk_25M   | u_clk_25M/inst/clk_out1_clk_25M |            40.0 |
| clk_out1_clk_50M   | u_clk_50M/inst/clk_out1_clk_50M |            20.0 |
| clk_out1_clk_50M   | vgaclk                          |            20.0 |
| clk_out1_clk_50M_1 | u_clk_50M/inst/clk_out1_clk_50M |            20.0 |
| clk_out1_clk_50M_1 | vgaclk                          |            20.0 |
| clkfbout_clk_25M   | u_clk_25M/inst/clkfbout_clk_25M |            20.0 |
| clkfbout_clk_50M   | u_clk_50M/inst/clkfbout_clk_50M |            10.0 |
| clkfbout_clk_50M_1 | u_clk_50M/inst/clkfbout_clk_50M |            10.0 |
| dbg_tck_pin        | TCK                             |            40.0 |
| sys_clk_pin        | CLK                             |            10.0 |
+--------------------+---------------------------------+-----------------+


3. Detailed Reports
-------------------

3.1 By Hierarchy
----------------

+-------------------------+-----------+
| Name                    | Power (W) |
+-------------------------+-----------+
| ARMSOC_TOP              |     0.267 |
|   u_CORTEXM3INTEGRATION |     0.025 |
|     u_cortexm3ds_logic  |     0.025 |
|   u_clk_25M             |     0.116 |
|     inst                |     0.116 |
|   u_clk_50M             |     0.106 |
|     inst                |     0.106 |
+-------------------------+-----------+


